Arguments: 
  C:\Program Files\nodejs\node.exe C:\Users\Niranjan\AppData\Roaming\npm\node_modules\yarn\bin\yarn.js add react-otp-input

PATH: 
  C:\Program Files\Eclipse Adoptium\jdk-17.0.1.12-hotspot\bin;C:\Python39\Scripts\;C:\Python39\;D:\installed\OracleApp\WINDOWS.X64_193000_db_home\bin;C:\Program Files\Java\jdk1.8.0_301\bin;C:\WINDOWS\system32;C:\WINDOWS;C:\WINDOWS\System32\Wbem;C:\WINDOWS\System32\WindowsPowerShell\v1.0\;C:\WINDOWS\System32\OpenSSH\;C:\MinGW\bin;C:\Program Files\Git\bin;C:\Program Files\Git\cmd\;C:\ProgramData\chocolatey\bin;C:\Program Files\nodejs\;C:\Program Files\dotnet\;C:\Program Files\Microsoft SQL Server\130\Tools\Binn\;C:\Program Files\Microsoft SQL Server\Client SDK\ODBC\170\Tools\Binn\;C:\Program Files (x86)\Microsoft SQL Server\150\DTS\Binn\;C:\Program Files\Azure Data Studio\bin;C:\Program Files (x86)\Common Files\Oracle\Java\javapath;C:\Program Files (x86)\dotnet\;C:\Users\Niranjan\AppData\Local\Microsoft\WindowsApps;C:\Users\Niranjan\AppData\Local\Programs\Microsoft VS Code\bin;C:\gradle\gradle-7.0.2\bin;C:\Users\Niranjan\AppData\Local\Android\Sdk\platform-tools;C:\Program Files\Java\jdk1.8.0_301\bin;C:\Users\Niranjan\AppData\Roaming\npm;C:\tools\dart-sdk\bin;C:\Users\Niranjan\AppData\Roaming\Pub\Cache\bin;D:\installed\flutter\bin;D:\ConnectwingsInfotechHanu\codecanyon-Ju8bksFp-active-ecommerce-flutter-app_2_5_2\flutterNew\source_code;C:\Users\Niranjan\.dotnet\tools;C:\Program Files\Azure Data Studio\bin

Yarn version: 
  1.22.17

Node version: 
  14.17.6

Platform: 
  win32 x64

Trace: 
  Error: https://registry.yarnpkg.com/@material-ui/icons/-/icons-4.11.2.tgz: ESOCKETTIMEDOUT
      at ClientRequest.<anonymous> (C:\Users\Niranjan\AppData\Roaming\npm\node_modules\yarn\lib\cli.js:141510:19)
      at Object.onceWrapper (events.js:519:28)
      at ClientRequest.emit (events.js:400:28)
      at TLSSocket.emitRequestTimeout (_http_client.js:790:9)
      at Object.onceWrapper (events.js:519:28)
      at TLSSocket.emit (events.js:412:35)
      at TLSSocket.Socket._onTimeout (net.js:484:8)
      at listOnTimeout (internal/timers.js:557:17)
      at processTimers (internal/timers.js:500:7)

npm manifest: 
  {
    "name": "vuexy-react-admin-dashboard",
    "version": "1.0.0",
    "private": true,
    "homepage": "http://dsmsaudi.co.in/",
    "dependencies": {
      "@casl/ability": "5.2.2",
      "@casl/react": "2.1.1",
      "@craco/craco": "^6.4.3",
      "@fullcalendar/core": "5.7.2",
      "@fullcalendar/daygrid": "5.7.2",
      "@fullcalendar/interaction": "5.7.2",
      "@fullcalendar/list": "5.7.2",
      "@fullcalendar/react": "5.7.0",
      "@fullcalendar/timegrid": "5.7.2",
      "@fullcalendar/timeline": "5.7.2",
      "@googlemaps/react-wrapper": "^1.1.19",
      "@googlemaps/typescript-guards": "^1.0.4",
      "@hookform/resolvers": "1.3.4",
      "@material-ui/core": "^4.12.3",
      "@material-ui/icons": "^4.11.2",
      "@react-icons/all-files": "^4.1.0",
      "@react-md/avatar": "^4.0.3",
      "@uppy/react": "1.10.8",
      "animate.css": "4.1.1",
      "antd": "^4.18.2",
      "apexcharts": "3.23.0",
      "availity-reactstrap-validation-safe": "2.6.1",
      "axios": "^0.21.1",
      "axios-mock-adapter": "1.19.0",
      "babel-plugin-react-intl": "5.1.18",
      "bootstrap": "^4.5.2",
      "bs-stepper": "1.7.0",
      "chart.js": "2.9.4",
      "chroma-js": "2.1.0",
      "classnames": "2.2.6",
      "cleave.js": "1.6.0",
      "draft-js": "0.11.7",
      "draftjs-to-html": "0.9.1",
      "fast-equals": "^2.0.4",
      "file-saver": "2.0.2",
      "flatpickr": "4.6.3",
      "history": "5.0.0",
      "html-to-draftjs": "1.5.0",
      "intl-messageformat": "7.8.4",
      "jquery": "3.5.1",
      "jsonwebtoken": "8.5.1",
      "leaflet": "1.6.0",
      "moment": "2.29.1",
      "nouislider": "14.6.2",
      "nouislider-react": "3.3.8",
      "postcss-rtl": "1.5.0",
      "prismjs": "1.19.0",
      "prop-types": "15.7.2",
      "react": "17.0.1",
      "react-apexcharts": "1.3.6",
      "react-avatar": "^4.0.0",
      "react-bootstrap": "^2.1.0",
      "react-chartjs-2": "2.9.0",
      "react-contexify": "5.0.0",
      "react-copy-to-clipboard": "5.0.2",
      "react-country-flag": "2.0.1",
      "react-data-table-component": "6.11.2",
      "react-datepicker": "^4.6.0",
      "react-dom": "17.0.1",
      "react-draft-wysiwyg": "1.14.5",
      "react-feather": "~2.0.3",
      "react-flatpickr": "3.9.1",
      "react-hook-form": "6.15.1",
      "react-icons": "^4.3.1",
      "react-intl": "3.11.0",
      "react-leaflet": "3.1.0",
      "react-paginate": "7.0.0",
      "react-perfect-scrollbar": "1.5.5",
      "react-player": "2.6.2",
      "react-rating": "2.0.5",
      "react-redux": "7.2.2",
      "react-router-dom": "5.2.0",
      "react-scripts": "4.0.2",
      "react-scroll-up": "1.3.7",
      "react-select": "4.0.2",
      "react-shepherd": "3.3.0",
      "react-simple-star-rating": "^4.0.5",
      "react-slidedown": "2.4.5",
      "react-sortablejs": "6.0.0",
      "react-toastify": "7.0.3",
      "reactstrap": "8.6.0",
      "recharts": "2.0.4",
      "redux": "4.0.5",
      "redux-debounced": "0.5.0",
      "redux-thunk": "2.3.0",
      "sass": "1.32.13",
      "screenfull": "5.0.2",
      "sortablejs": "1.12.0",
      "styled-components": "^5.1.1",
      "sweetalert2": "10.14.0",
      "sweetalert2-react-content": "3.0.1",
      "swiper": "6.0.4",
      "uppy": "1.21.2",
      "webfontloader": "^1.6.28",
      "webpack": "4.43.0",
      "wnumb": "1.2.0",
      "xlsx": "0.16.2",
      "yarn": "1.21.1",
      "yup": "0.32.8"
    },
    "scripts": {
      "start": "craco start",
      "build": "craco build",
      "test": "craco test",
      "eject": "react-scripts eject",
      "lint": "eslint src/**/*.js src/**/*.jsx",
      "lint:fix": "eslint src/**/*.js --fix"
    },
    "eslintConfig": {
      "extends": "react-app"
    },
    "devDependencies": {
      "@types/sortablejs": "1.10.6",
      "eslint": "7.8.0",
      "eslint-plugin-import": "2.22.0",
      "eslint-plugin-react": "7.20.6",
      "sass-loader": "^8.0.2",
      "typescript": "^4.5.4"
    },
    "browserslist": [
      ">0.2%",
      "not dead",
      "not op_mini all"
    ]
  }

yarn manifest: 
  No manifest

Lockfile: 
  No lockfile
